c:\users\vivian\downloads\cs3113\cs3113-master\project_template\windows\nyucodebase\nyucodebase\debug\vc120.pdb
c:\users\vivian\downloads\cs3113\cs3113-master\project_template\windows\nyucodebase\nyucodebase\debug\vc120.idb
c:\users\vivian\downloads\cs3113\cs3113-master\project_template\windows\nyucodebase\nyucodebase\debug\main.obj
c:\users\vivian\downloads\cs3113\cs3113-master\project_template\windows\nyucodebase\nyucodebase\debug\matrix.obj
c:\users\vivian\downloads\cs3113\cs3113-master\project_template\windows\nyucodebase\nyucodebase\debug\shaderprogram.obj
c:\users\vivian\documents\github\cs3113\assignment #3\nyucodebase\debug\vc120.pdb
c:\users\vivian\documents\github\cs3113\assignment #3\nyucodebase\debug\vc120.idb
c:\users\vivian\documents\github\cs3113\assignment #3\nyucodebase\debug\main.obj
c:\users\vivian\documents\github\cs3113\assignment #3\nyucodebase\debug\matrix.obj
c:\users\vivian\documents\github\cs3113\assignment #3\nyucodebase\debug\shaderprogram.obj
c:\users\vivian\downloads\cs3113\cs3113-master\project_template\windows\nyucodebase\debug\nyucodebase.ilk
c:\users\vivian\downloads\cs3113\cs3113-master\project_template\windows\nyucodebase\debug\nyucodebase.exe
c:\users\vivian\downloads\cs3113\cs3113-master\project_template\windows\nyucodebase\debug\nyucodebase.pdb
c:\users\vivian\documents\github\cs3113\assignment #3\debug\nyucodebase.pdb
c:\users\vivian\documents\github\cs3113\assignment #3\nyucodebase\debug\nyucodebase.tlog\cl.command.1.tlog
c:\users\vivian\documents\github\cs3113\assignment #3\nyucodebase\debug\nyucodebase.tlog\cl.read.1.tlog
c:\users\vivian\documents\github\cs3113\assignment #3\nyucodebase\debug\nyucodebase.tlog\cl.write.1.tlog
c:\users\vivian\documents\github\cs3113\assignment #3\nyucodebase\debug\nyucodebase.tlog\link-cvtres.read.1.tlog
c:\users\vivian\documents\github\cs3113\assignment #3\nyucodebase\debug\nyucodebase.tlog\link-cvtres.write.1.tlog
c:\users\vivian\documents\github\cs3113\assignment #3\nyucodebase\debug\nyucodebase.tlog\link-rc.read.1.tlog
c:\users\vivian\documents\github\cs3113\assignment #3\nyucodebase\debug\nyucodebase.tlog\link-rc.write.1.tlog
c:\users\vivian\documents\github\cs3113\assignment #3\nyucodebase\debug\nyucodebase.tlog\link.9044-cvtres.read.1.tlog
c:\users\vivian\documents\github\cs3113\assignment #3\nyucodebase\debug\nyucodebase.tlog\link.9044-cvtres.write.1.tlog
c:\users\vivian\documents\github\cs3113\assignment #3\nyucodebase\debug\nyucodebase.tlog\link.9044-rc.read.1.tlog
c:\users\vivian\documents\github\cs3113\assignment #3\nyucodebase\debug\nyucodebase.tlog\link.9044-rc.write.1.tlog
c:\users\vivian\documents\github\cs3113\assignment #3\nyucodebase\debug\nyucodebase.tlog\link.9044.read.1.tlog
c:\users\vivian\documents\github\cs3113\assignment #3\nyucodebase\debug\nyucodebase.tlog\link.9044.write.1.tlog
c:\users\vivian\documents\github\cs3113\assignment #3\nyucodebase\debug\nyucodebase.tlog\link.command.1.tlog
c:\users\vivian\documents\github\cs3113\assignment #3\nyucodebase\debug\nyucodebase.tlog\link.read.1.tlog
c:\users\vivian\documents\github\cs3113\assignment #3\nyucodebase\debug\nyucodebase.tlog\link.write.1.tlog
