Build started 5/12/2017 1:03:57 PM.
     1>Project "C:\Users\Vivian\Documents\GitHub\CS3113\Assignment #3\NYUCodebase\NYUCodebase.vcxproj" on node 2 (Build target(s)).
     1>ClCompile:
         C:\Program Files (x86)\Microsoft Visual Studio 12.0\VC\bin\CL.exe /c /IC:\SDL2\include /IC:\SDL2_image\include /IC:\glew\include /IC:\SDL2_mixer\include /ZI /nologo /W3 /WX- /sdl /Od /Oy- /D _WINDOWS /D _MBCS /D _MBCS /Gm /EHsc /RTC1 /MDd /GS /fp:precise /Zc:wchar_t /Zc:forScope /Fo"Debug\\" /Fd"Debug\vc120.pdb" /Gd /TP /analyze- /errorReport:prompt main.cpp
         main.cpp
     1>c:\users\vivian\documents\github\cs3113\assignment #3\nyucodebase\main.cpp(108): warning C4018: '<' : signed/unsigned mismatch
     1>c:\users\vivian\documents\github\cs3113\assignment #3\nyucodebase\main.cpp(292): warning C4305: 'argument' : truncation from 'double' to 'float'
     1>c:\users\vivian\documents\github\cs3113\assignment #3\nyucodebase\main.cpp(314): warning C4305: 'argument' : truncation from 'double' to 'float'
     1>c:\users\vivian\documents\github\cs3113\assignment #3\nyucodebase\main.cpp(403): warning C4305: 'argument' : truncation from 'double' to 'float'
     1>c:\users\vivian\documents\github\cs3113\assignment #3\nyucodebase\main.cpp(405): warning C4305: 'argument' : truncation from 'double' to 'float'
     1>c:\users\vivian\documents\github\cs3113\assignment #3\nyucodebase\main.cpp(407): warning C4305: 'argument' : truncation from 'double' to 'float'
     1>c:\users\vivian\documents\github\cs3113\assignment #3\nyucodebase\main.cpp(409): warning C4305: 'argument' : truncation from 'double' to 'float'
     1>c:\users\vivian\documents\github\cs3113\assignment #3\nyucodebase\main.cpp(411): warning C4305: 'argument' : truncation from 'double' to 'float'
     1>c:\users\vivian\documents\github\cs3113\assignment #3\nyucodebase\main.cpp(415): warning C4305: 'argument' : truncation from 'double' to 'float'
     1>c:\users\vivian\documents\github\cs3113\assignment #3\nyucodebase\main.cpp(416): warning C4305: 'argument' : truncation from 'double' to 'float'
     1>c:\users\vivian\documents\github\cs3113\assignment #3\nyucodebase\main.cpp(417): warning C4305: 'argument' : truncation from 'double' to 'float'
     1>c:\users\vivian\documents\github\cs3113\assignment #3\nyucodebase\main.cpp(418): warning C4305: 'argument' : truncation from 'double' to 'float'
     1>c:\users\vivian\documents\github\cs3113\assignment #3\nyucodebase\main.cpp(419): warning C4305: 'argument' : truncation from 'double' to 'float'
     1>c:\users\vivian\documents\github\cs3113\assignment #3\nyucodebase\main.cpp(420): warning C4305: 'argument' : truncation from 'double' to 'float'
     1>c:\users\vivian\documents\github\cs3113\assignment #3\nyucodebase\main.cpp(421): warning C4305: 'argument' : truncation from 'double' to 'float'
     1>c:\users\vivian\documents\github\cs3113\assignment #3\nyucodebase\main.cpp(422): warning C4305: 'argument' : truncation from 'double' to 'float'
     1>c:\users\vivian\documents\github\cs3113\assignment #3\nyucodebase\main.cpp(423): warning C4305: 'argument' : truncation from 'double' to 'float'
     1>c:\users\vivian\documents\github\cs3113\assignment #3\nyucodebase\main.cpp(424): warning C4305: 'argument' : truncation from 'double' to 'float'
     1>c:\users\vivian\documents\github\cs3113\assignment #3\nyucodebase\main.cpp(425): warning C4305: 'argument' : truncation from 'double' to 'float'
     1>c:\users\vivian\documents\github\cs3113\assignment #3\nyucodebase\main.cpp(426): warning C4305: 'argument' : truncation from 'double' to 'float'
     1>c:\users\vivian\documents\github\cs3113\assignment #3\nyucodebase\main.cpp(429): warning C4305: 'argument' : truncation from 'double' to 'float'
     1>c:\users\vivian\documents\github\cs3113\assignment #3\nyucodebase\main.cpp(431): warning C4305: 'argument' : truncation from 'double' to 'float'
     1>c:\users\vivian\documents\github\cs3113\assignment #3\nyucodebase\main.cpp(433): warning C4305: 'argument' : truncation from 'double' to 'float'
     1>c:\users\vivian\documents\github\cs3113\assignment #3\nyucodebase\main.cpp(435): warning C4305: 'argument' : truncation from 'double' to 'float'
     1>c:\users\vivian\documents\github\cs3113\assignment #3\nyucodebase\main.cpp(437): warning C4305: 'argument' : truncation from 'double' to 'float'
     1>c:\users\vivian\documents\github\cs3113\assignment #3\nyucodebase\main.cpp(439): warning C4305: 'argument' : truncation from 'double' to 'float'
     1>c:\users\vivian\documents\github\cs3113\assignment #3\nyucodebase\main.cpp(441): warning C4305: 'argument' : truncation from 'double' to 'float'
     1>c:\users\vivian\documents\github\cs3113\assignment #3\nyucodebase\main.cpp(443): warning C4305: 'argument' : truncation from 'double' to 'float'
     1>c:\users\vivian\documents\github\cs3113\assignment #3\nyucodebase\main.cpp(447): warning C4305: 'argument' : truncation from 'double' to 'float'
     1>c:\users\vivian\documents\github\cs3113\assignment #3\nyucodebase\main.cpp(448): warning C4305: 'argument' : truncation from 'double' to 'float'
     1>c:\users\vivian\documents\github\cs3113\assignment #3\nyucodebase\main.cpp(454): warning C4244: 'argument' : conversion from 'double' to 'float', possible loss of data
     1>c:\users\vivian\documents\github\cs3113\assignment #3\nyucodebase\main.cpp(455): warning C4305: 'argument' : truncation from 'double' to 'float'
       Link:
         C:\Program Files (x86)\Microsoft Visual Studio 12.0\VC\bin\link.exe /ERRORREPORT:PROMPT /OUT:"C:\Users\Vivian\Documents\GitHub\CS3113\Assignment #3\Debug\NYUCodebase.exe" /INCREMENTAL /NOLOGO /LIBPATH:C:\SDL2_mixer\lib\x86 /LIBPATH:C:\SDL2\lib\x86 /LIBPATH:C:\SDL2_image\lib\x86 /LIBPATH:C:\glew\lib\Release\Win32 SDL2.lib SDL2_mixer.lib glew32.lib SDL2main.lib SDL2_image.lib OpenGL32.lib /MANIFEST /MANIFESTUAC:"level='asInvoker' uiAccess='false'" /manifest:embed /DEBUG /PDB:"C:\Users\Vivian\Documents\GitHub\CS3113\Assignment #3\Debug\NYUCodebase.pdb" /SUBSYSTEM:WINDOWS /TLBID:1 /DYNAMICBASE /NXCOMPAT /IMPLIB:"C:\Users\Vivian\Documents\GitHub\CS3113\Assignment #3\Debug\NYUCodebase.lib" /MACHINE:X86 Debug\main.obj
         Debug\Matrix.obj
         Debug\ShaderProgram.obj
         NYUCodebase.vcxproj -> C:\Users\Vivian\Documents\GitHub\CS3113\Assignment #3\Debug\NYUCodebase.exe
     1>Done Building Project "C:\Users\Vivian\Documents\GitHub\CS3113\Assignment #3\NYUCodebase\NYUCodebase.vcxproj" (Build target(s)).

Build succeeded.

Time Elapsed 00:00:04.17
